2024-03-04 21:47:16,639 Experiment ID: arman
2024-03-04 21:47:16,650 Training poisoned model...
2024-03-04 21:47:17,328 AlexNet(
  (features): Sequential(
    (0): Conv2d(3, 64, kernel_size=(11, 11), stride=(4, 4), padding=(2, 2))
    (1): ReLU(inplace=True)
    (2): MaxPool2d(kernel_size=3, stride=2, padding=0, dilation=1, ceil_mode=False)
    (3): Conv2d(64, 192, kernel_size=(5, 5), stride=(1, 1), padding=(2, 2))
    (4): ReLU(inplace=True)
    (5): MaxPool2d(kernel_size=3, stride=2, padding=0, dilation=1, ceil_mode=False)
    (6): Conv2d(192, 384, kernel_size=(3, 3), stride=(1, 1), padding=(1, 1))
    (7): ReLU(inplace=True)
    (8): Conv2d(384, 256, kernel_size=(3, 3), stride=(1, 1), padding=(1, 1))
    (9): ReLU(inplace=True)
    (10): Conv2d(256, 256, kernel_size=(3, 3), stride=(1, 1), padding=(1, 1))
    (11): ReLU(inplace=True)
    (12): MaxPool2d(kernel_size=3, stride=2, padding=0, dilation=1, ceil_mode=False)
  )
  (avgpool): AdaptiveAvgPool2d(output_size=(6, 6))
  (classifier): Sequential(
    (0): Dropout(p=0.5, inplace=False)
    (1): Linear(in_features=9216, out_features=4096, bias=True)
    (2): ReLU(inplace=True)
    (3): Dropout(p=0.5, inplace=False)
    (4): Linear(in_features=4096, out_features=4096, bias=True)
    (5): ReLU(inplace=True)
    (6): Linear(in_features=4096, out_features=10, bias=True)
  )
)
2024-03-04 21:47:17,353 Initializing Datasets and Dataloaders...
2024-03-04 21:47:17,366 Number of clean images: 20
2024-03-04 21:47:17,368 Number of poison images: 20
2024-03-04 21:47:17,373 Params to learn:
2024-03-04 21:47:17,374 classifier.6.weight
2024-03-04 21:47:17,374 classifier.6.bias
2024-03-04 21:47:17,656 Epoch 0/1
2024-03-04 21:47:17,657 ----------
2024-03-04 21:47:18,579 train Loss: 2.9824 Acc: 0.0000
2024-03-04 21:47:19,019 test Loss: 0.0000 Acc: 1.0000
2024-03-04 21:47:19,029 Better model found!
2024-03-04 21:47:19,175 notpatched Loss: 0.0000 Acc: 1.0000
2024-03-04 21:47:19,317 patched Loss: 0.0001 Acc: 1.0000
2024-03-04 21:47:19,318 Epoch 1/1
2024-03-04 21:47:19,318 ----------
2024-03-04 21:47:19,580 train Loss: 0.0000 Acc: 1.0000
2024-03-04 21:47:19,718 test Loss: 0.0000 Acc: 1.0000
2024-03-04 21:47:19,859 notpatched Loss: 0.0000 Acc: 1.0000
2024-03-04 21:47:19,997 patched Loss: 0.0001 Acc: 1.0000
2024-03-04 21:47:19,997 Training complete in 0m 2s
2024-03-04 21:47:19,998 Max Test Acc: 1.000000
2024-03-04 21:47:20,003 Last 10 Epochs Test Acc: Mean 1.000 Std 0.000 
2024-03-04 21:47:20,003 Last 10 Epochs Patched Targeted Attack Success Rate: Mean 1.000 Std 0.000 
2024-03-04 21:47:20,004 Last 10 Epochs NotPatched Targeted Attack Success Rate: Mean 1.000 Std 0.000 
2024-03-04 21:47:20,005 10 Epochs with Best Acc- Test Acc: Mean 1.000 Std 0.000 
2024-03-04 21:47:20,005 10 Epochs with Best Acc- Patched Targeted Attack Success Rate: Mean 1.000 Std 0.000 
2024-03-04 21:47:20,005 10 Epochs with Best Acc- NotPatched Targeted Attack Success Rate: Mean 1.000 Std 0.000 
2024-03-04 21:47:20,825 Training clean model...
2024-03-04 21:47:21,372 AlexNet(
  (features): Sequential(
    (0): Conv2d(3, 64, kernel_size=(11, 11), stride=(4, 4), padding=(2, 2))
    (1): ReLU(inplace=True)
    (2): MaxPool2d(kernel_size=3, stride=2, padding=0, dilation=1, ceil_mode=False)
    (3): Conv2d(64, 192, kernel_size=(5, 5), stride=(1, 1), padding=(2, 2))
    (4): ReLU(inplace=True)
    (5): MaxPool2d(kernel_size=3, stride=2, padding=0, dilation=1, ceil_mode=False)
    (6): Conv2d(192, 384, kernel_size=(3, 3), stride=(1, 1), padding=(1, 1))
    (7): ReLU(inplace=True)
    (8): Conv2d(384, 256, kernel_size=(3, 3), stride=(1, 1), padding=(1, 1))
    (9): ReLU(inplace=True)
    (10): Conv2d(256, 256, kernel_size=(3, 3), stride=(1, 1), padding=(1, 1))
    (11): ReLU(inplace=True)
    (12): MaxPool2d(kernel_size=3, stride=2, padding=0, dilation=1, ceil_mode=False)
  )
  (avgpool): AdaptiveAvgPool2d(output_size=(6, 6))
  (classifier): Sequential(
    (0): Dropout(p=0.5, inplace=False)
    (1): Linear(in_features=9216, out_features=4096, bias=True)
    (2): ReLU(inplace=True)
    (3): Dropout(p=0.5, inplace=False)
    (4): Linear(in_features=4096, out_features=4096, bias=True)
    (5): ReLU(inplace=True)
    (6): Linear(in_features=4096, out_features=10, bias=True)
  )
)
2024-03-04 21:47:21,379 Initializing Datasets and Dataloaders...
2024-03-04 21:47:54,544 Number of clean images: 20
2024-03-04 21:47:56,945 Params to learn:
2024-03-04 21:47:56,949 classifier.6.weight
2024-03-04 21:47:56,950 classifier.6.bias
2024-03-04 21:48:00,451 Epoch 0/1
2024-03-04 21:48:00,452 ----------
2024-03-04 21:48:00,653 train Loss: 2.7603 Acc: 0.0000
2024-03-04 21:48:00,801 test Loss: 0.0001 Acc: 1.0000
2024-03-04 21:48:00,802 Better model found!
2024-03-04 21:48:00,957 notpatched Loss: 0.0001 Acc: 1.0000
2024-03-04 21:48:01,103 patched Loss: 0.0001 Acc: 1.0000
2024-03-04 21:48:01,104 Epoch 1/1
2024-03-04 21:48:01,104 ----------
2024-03-04 21:48:01,256 train Loss: 0.0001 Acc: 1.0000
2024-03-04 21:48:01,395 test Loss: 0.0001 Acc: 1.0000
2024-03-04 21:48:01,545 notpatched Loss: 0.0001 Acc: 1.0000
2024-03-04 21:48:01,697 patched Loss: 0.0001 Acc: 1.0000
2024-03-04 21:48:01,697 Training complete in 0m 1s
2024-03-04 21:48:01,698 Max Test Acc: 1.000000
2024-03-04 21:48:01,698 Last 10 Epochs Test Acc: Mean 1.000 Std 0.000 
2024-03-04 21:48:01,699 Last 10 Epochs Patched Targeted Attack Success Rate: Mean 1.000 Std 0.000 
2024-03-04 21:48:01,699 Last 10 Epochs NotPatched Targeted Attack Success Rate: Mean 1.000 Std 0.000 
2024-03-04 21:48:01,700 10 Epochs with Best Acc- Test Acc: Mean 1.000 Std 0.000 
2024-03-04 21:48:01,700 10 Epochs with Best Acc- Patched Targeted Attack Success Rate: Mean 1.000 Std 0.000 
2024-03-04 21:48:01,700 10 Epochs with Best Acc- NotPatched Targeted Attack Success Rate: Mean 1.000 Std 0.000 
